<?xml version="1.0" encoding="UTF-8"?>
<testsuite xmlns:xsi="http://www.w3.org/2001/XMLSchema-instance" xsi:noNamespaceSchemaLocation="https://maven.apache.org/surefire/maven-surefire-plugin/xsd/surefire-test-report-3.0.xsd" version="3.0" name="wiktochat.roomserver.ChatServiceTest" time="1.516" tests="1" errors="0" skipped="0" failures="1">
  <properties>
[...]
</properties>
  <testcase name="testRoomJoinAndMessage" classname="wiktochat.roomserver.ChatServiceTest" time="0.422">
    <failure message="Messages should not be empty ==&gt; expected: &lt;false&gt; but was: &lt;true&gt;" type="org.opentest4j.AssertionFailedError"><![CDATA[org.opentest4j.AssertionFailedError: Messages should not be empty ==> expected: <false> but was: <true>
	at org.junit.jupiter.api.AssertionFailureBuilder.build(AssertionFailureBuilder.java:151)
	at org.junit.jupiter.api.AssertionFailureBuilder.buildAndThrow(AssertionFailureBuilder.java:132)
	at org.junit.jupiter.api.AssertFalse.failNotFalse(AssertFalse.java:63)
	at org.junit.jupiter.api.AssertFalse.assertFalse(AssertFalse.java:36)
	at org.junit.jupiter.api.Assertions.assertFalse(Assertions.java:239)
	at wiktochat.roomserver.ChatServiceTest.testRoomJoinAndMessage(ChatServiceTest.java:36)
	at java.base/java.lang.reflect.Method.invoke(Method.java:580)
	at java.base/java.util.ArrayList.forEach(ArrayList.java:1596)
	at java.base/java.util.ArrayList.forEach(ArrayList.java:1596)
]]></failure>
    <system-out><![CDATA[20:00:09.960 [main] INFO org.springframework.test.context.support.AnnotationConfigContextLoaderUtils -- Could not detect default configuration classes for test class [wiktochat.roomserver.ChatServiceTest]: ChatServiceTest does not declare any static, non-private, non-final, nested classes annotated with @Configuration.
20:00:10.032 [main] INFO org.springframework.boot.test.context.SpringBootTestContextBootstrapper -- Found @SpringBootConfiguration wiktochat.roomserver.ChatRoomApplication for test class wiktochat.roomserver.ChatServiceTest

  .   ____          _            __ _ _
 /\\ / ___'_ __ _ _(_)_ __  __ _ \ \ \ \
( ( )\___ | '_ | '_| | '_ \/ _` | \ \ \ \
 \\/  ___)| |_)| | | | | || (_| |  ) ) ) )
  '  |____| .__|_| |_|_| |_\__, | / / / /
 =========|_|==============|___/=/_/_/_/

 :: Spring Boot ::                (v3.3.5)

2024-11-09T20:00:10.299+11:00  INFO 68597 --- [roomserver] [           main] wiktochat.roomserver.ChatServiceTest     : Starting ChatServiceTest using Java 21.0.5-ea with PID 68597 (started by jesse in /home/jesse/Code/wiktochat/RoomServer)
2024-11-09T20:00:10.300+11:00  INFO 68597 --- [roomserver] [           main] wiktochat.roomserver.ChatServiceTest     : No active profile set, falling back to 1 default profile: "default"
Created room 1Q1SOG
2024-11-09T20:00:10.948+11:00  INFO 68597 --- [roomserver] [           main] o.s.m.s.b.SimpleBrokerMessageHandler     : Starting...
2024-11-09T20:00:10.950+11:00  INFO 68597 --- [roomserver] [           main] o.s.m.s.b.SimpleBrokerMessageHandler     : BrokerAvailabilityEvent[available=true, SimpleBrokerMessageHandler [org.springframework.messaging.simp.broker.DefaultSubscriptionRegistry@250b5e5b]]
2024-11-09T20:00:10.950+11:00  INFO 68597 --- [roomserver] [           main] o.s.m.s.b.SimpleBrokerMessageHandler     : Started.
2024-11-09T20:00:10.954+11:00  INFO 68597 --- [roomserver] [           main] wiktochat.roomserver.ChatServiceTest     : Started ChatServiceTest in 0.865 seconds (process running for 1.382)
Created room TEST123
]]></system-out>
    <system-err><![CDATA[WARNING: A Java agent has been loaded dynamically (/home/jesse/.m2/repository/net/bytebuddy/byte-buddy-agent/1.14.19/byte-buddy-agent-1.14.19.jar)
WARNING: If a serviceability tool is in use, please run with -XX:+EnableDynamicAgentLoading to hide this warning
WARNING: If a serviceability tool is not in use, please run with -Djdk.instrument.traceUsage for more information
WARNING: Dynamic loading of agents will be disallowed by default in a future release
]]></system-err>
  </testcase>
</testsuite>